<?xml version="1.0" encoding="UTF-8"?>
<testsuite xmlns:xsi="http://www.w3.org/2001/XMLSchema-instance" xsi:noNamespaceSchemaLocation="https://maven.apache.org/surefire/maven-surefire-plugin/xsd/surefire-test-report-3.0.xsd" version="3.0" name="com.maverick.blog.BlogAppApisApplicationTests" time="11.527" tests="1" errors="0" skipped="0" failures="0">
  <properties>
[...]
</properties>
  <testcase name="contextLoads" classname="com.maverick.blog.BlogAppApisApplicationTests" time="1.098">
    <system-out><![CDATA[01:01:09.043 [main] INFO org.springframework.test.context.support.AnnotationConfigContextLoaderUtils -- Could not detect default configuration classes for test class [com.maverick.blog.BlogAppApisApplicationTests]: BlogAppApisApplicationTests does not declare any static, non-private, non-final, nested classes annotated with @Configuration.
01:01:09.249 [main] INFO org.springframework.boot.test.context.SpringBootTestContextBootstrapper -- Found @SpringBootConfiguration com.maverick.blog.BlogAppApisApplication for test class com.maverick.blog.BlogAppApisApplicationTests
01:01:09.489 [main] INFO org.springframework.boot.devtools.restart.RestartApplicationListener -- Restart disabled due to context in which it is running

  .   ____          _            __ _ _
 /\\ / ___'_ __ _ _(_)_ __  __ _ \ \ \ \
( ( )\___ | '_ | '_| | '_ \/ _` | \ \ \ \
 \\/  ___)| |_)| | | | | || (_| |  ) ) ) )
  '  |____| .__|_| |_|_| |_\__, | / / / /
 =========|_|==============|___/=/_/_/_/

 :: Spring Boot ::                (v3.3.1)

2024-08-15T01:01:10.036+05:30  INFO 75216 --- [blog-app-apis] [           main] c.m.blog.BlogAppApisApplicationTests     : Starting BlogAppApisApplicationTests using Java 17.0.7 with PID 75216 (started by pankaj.kushwah in /Users/pankaj.kushwah/git/Blog-Application/blog-app-apis)
2024-08-15T01:01:10.043+05:30  INFO 75216 --- [blog-app-apis] [           main] c.m.blog.BlogAppApisApplicationTests     : The following 1 profile is active: "dev"
2024-08-15T01:01:12.151+05:30  INFO 75216 --- [blog-app-apis] [           main] .s.d.r.c.RepositoryConfigurationDelegate : Bootstrapping Spring Data JPA repositories in DEFAULT mode.
2024-08-15T01:01:12.315+05:30  INFO 75216 --- [blog-app-apis] [           main] .s.d.r.c.RepositoryConfigurationDelegate : Finished Spring Data repository scanning in 156 ms. Found 5 JPA repository interfaces.
2024-08-15T01:01:13.384+05:30  INFO 75216 --- [blog-app-apis] [           main] com.zaxxer.hikari.HikariDataSource       : HikariPool-1 - Starting...
2024-08-15T01:01:13.557+05:30  INFO 75216 --- [blog-app-apis] [           main] com.zaxxer.hikari.pool.HikariPool        : HikariPool-1 - Added connection conn0: url=jdbc:h2:mem:blog-app-apis user=SA
2024-08-15T01:01:13.559+05:30  INFO 75216 --- [blog-app-apis] [           main] com.zaxxer.hikari.HikariDataSource       : HikariPool-1 - Start completed.
2024-08-15T01:01:13.666+05:30  INFO 75216 --- [blog-app-apis] [           main] o.hibernate.jpa.internal.util.LogHelper  : HHH000204: Processing PersistenceUnitInfo [name: default]
2024-08-15T01:01:13.724+05:30  INFO 75216 --- [blog-app-apis] [           main] org.hibernate.Version                    : HHH000412: Hibernate ORM core version 6.5.2.Final
2024-08-15T01:01:13.755+05:30  INFO 75216 --- [blog-app-apis] [           main] o.h.c.internal.RegionFactoryInitiator    : HHH000026: Second-level cache disabled
2024-08-15T01:01:14.053+05:30  INFO 75216 --- [blog-app-apis] [           main] o.s.o.j.p.SpringPersistenceUnitInfo      : No LoadTimeWeaver setup: ignoring JPA class transformer
2024-08-15T01:01:14.108+05:30  WARN 75216 --- [blog-app-apis] [           main] org.hibernate.orm.deprecation            : HHH90000025: H2Dialect does not need to be specified explicitly using 'hibernate.dialect' (remove the property setting and it will be selected by default)
2024-08-15T01:01:15.502+05:30  INFO 75216 --- [blog-app-apis] [           main] o.h.e.t.j.p.i.JtaPlatformInitiator       : HHH000489: No JTA platform available (set 'hibernate.transaction.jta.platform' to enable JTA platform integration)
Hibernate: drop table if exists categories cascade 
Hibernate: drop table if exists comments cascade 
Hibernate: drop table if exists posts cascade 
Hibernate: drop table if exists role cascade 
Hibernate: drop table if exists user_role cascade 
Hibernate: drop table if exists users cascade 
Hibernate: drop sequence if exists users_seq
Hibernate: create sequence users_seq start with 1 increment by 50
Hibernate: create table categories (category_id integer generated by default as identity, title varchar(100) not null, description varchar(255), primary key (category_id))
Hibernate: create table comments (id integer generated by default as identity, post_id integer, content varchar(255), primary key (id))
Hibernate: create table posts (category_id integer, post_id integer generated by default as identity, user_id integer, added_date timestamp(6), post_title varchar(100) not null, content varchar(10000), image_name varchar(255), primary key (post_id))
Hibernate: create table role (id integer not null, name varchar(255), primary key (id))
Hibernate: create table user_role (role_id integer not null, user_id integer not null, primary key (role_id, user_id))
Hibernate: create table users (id integer not null, user_name varchar(100) not null, about varchar(255), email varchar(255), password varchar(255), primary key (id))
Hibernate: alter table if exists comments add constraint FKh4c7lvsc298whoyd4w9ta25cr foreign key (post_id) references posts
Hibernate: alter table if exists posts add constraint FKijnwr3brs8vaosl80jg9rp7uc foreign key (category_id) references categories
Hibernate: alter table if exists posts add constraint FK5lidm6cqbc7u4xhqpxm898qme foreign key (user_id) references users
Hibernate: alter table if exists user_role add constraint FKa68196081fvovjhkek5m97n3y foreign key (role_id) references role
Hibernate: alter table if exists user_role add constraint FKj345gk1bovqvfame88rcx7yyx foreign key (user_id) references users
2024-08-15T01:01:15.587+05:30  INFO 75216 --- [blog-app-apis] [           main] j.LocalContainerEntityManagerFactoryBean : Initialized JPA EntityManagerFactory for persistence unit 'default'
2024-08-15T01:01:16.264+05:30  INFO 75216 --- [blog-app-apis] [           main] eAuthenticationProviderManagerConfigurer : Global AuthenticationManager configured with AuthenticationProvider bean with name daoAuthenticationProvider
2024-08-15T01:01:16.265+05:30  WARN 75216 --- [blog-app-apis] [           main] r$InitializeUserDetailsManagerConfigurer : Global AuthenticationManager configured with an AuthenticationProvider bean. UserDetailsService beans will not be used for username/password login. Consider removing the AuthenticationProvider bean. Alternatively, consider using the UserDetailsService in a manually instantiated DaoAuthenticationProvider.
2024-08-15T01:01:16.455+05:30  INFO 75216 --- [blog-app-apis] [           main] o.s.d.j.r.query.QueryEnhancerFactory     : Hibernate is in classpath; If applicable, HQL parser will be used.
2024-08-15T01:01:17.188+05:30  WARN 75216 --- [blog-app-apis] [           main] JpaBaseConfiguration$JpaWebConfiguration : spring.jpa.open-in-view is enabled by default. Therefore, database queries may be performed during view rendering. Explicitly configure spring.jpa.open-in-view to disable this warning
2024-08-15T01:01:18.668+05:30  INFO 75216 --- [blog-app-apis] [           main] o.s.b.a.h2.H2ConsoleAutoConfiguration    : H2 console available at '/h2-console'. Database available at 'jdbc:h2:mem:blog-app-apis'
2024-08-15T01:01:18.840+05:30  INFO 75216 --- [blog-app-apis] [           main] c.m.blog.BlogAppApisApplicationTests     : Started BlogAppApisApplicationTests in 9.364 seconds (process running for 11.172)
Hibernate: select r1_0.id,r1_0.name from role r1_0 where r1_0.id=?
Hibernate: select r1_0.id,r1_0.name from role r1_0 where r1_0.id=?
Hibernate: insert into role (name,id) values (?,?)
Hibernate: insert into role (name,id) values (?,?)
[Hardcoded-INFO]: New Role created - ROLE_ADMIN
[Hardcoded-INFO]: New Role created - ROLE_NORMAL
[Hardcoded-INFO]: encoded value for '1234' is - $2a$10$T.HGlcMUbwgIjE62ssldm.6h2B/f02C0mBEXQTHY5hxmMg2Cu.dFO
Hibernate: select u1_0.id,u1_0.about,u1_0.email,u1_0.user_name,u1_0.password,r1_0.user_id,r1_1.id,r1_1.name from users u1_0 left join user_role r1_0 on u1_0.id=r1_0.user_id left join role r1_1 on r1_1.id=r1_0.role_id where u1_0.id=?
Hibernate: select r1_0.id,r1_0.name from role r1_0 where r1_0.id=?
Hibernate: select u1_0.id,u1_0.about,u1_0.email,u1_0.user_name,u1_0.password,r1_0.user_id,r1_1.id,r1_1.name from users u1_0 left join user_role r1_0 on u1_0.id=r1_0.user_id left join role r1_1 on r1_1.id=r1_0.role_id where u1_0.id=?
Hibernate: select p1_0.user_id,p1_0.post_id,p1_0.added_date,c1_0.category_id,c1_0.description,c1_0.title,p1_0.content,p1_0.image_name,p1_0.post_title from posts p1_0 left join categories c1_0 on c1_0.category_id=p1_0.category_id where p1_0.user_id=?
Hibernate: select r1_0.id,r1_0.name from role r1_0 where r1_0.id=?
Hibernate: update users set about=?,email=?,user_name=?,password=? where id=?
Hibernate: insert into user_role (user_id,role_id) values (?,?)
[Hardcoded-INFO]: Updated user with id: 100, to have the access with ADMIN authentication.
]]></system-out>
  </testcase>
</testsuite>